2016-06-19 13:37:12,515 [Worker-2] INFO  o.e.m.c.i.l.LifecycleMappingFactory - Using org.eclipse.m2e.jdt.JarLifecycleMapping lifecycle mapping for MavenProject: AppBiavan:CalcTerminal:0.0.1-SNAPSHOT @ /home/dyego/git/procTrab/calculadora/CalcTerminal/pom.xml.
2016-06-19 13:37:14,019 [Worker-14] WARN  o.e.m.c.i.embedder.EclipseLogger - Using platform encoding (UTF-8 actually) to copy filtered resources, i.e. build is platform dependent!
2016-06-19 13:37:14,020 [Worker-14] INFO  o.e.m.c.i.embedder.EclipseLogger - skip non existing resourceDirectory /home/dyego/git/procTrab/calculadora/CalcTerminal/src/main/resources
2016-06-19 13:37:14,041 [Worker-14] WARN  o.e.m.c.i.embedder.EclipseLogger - Using platform encoding (UTF-8 actually) to copy filtered resources, i.e. build is platform dependent!
2016-06-19 13:37:14,041 [Worker-14] INFO  o.e.m.c.i.embedder.EclipseLogger - skip non existing resourceDirectory /home/dyego/git/procTrab/calculadora/CalcTerminal/src/test/resources
2016-06-19 13:37:14,099 [Worker-2] INFO  o.e.m.j.i.AbstractJavaProjectConfigurator - Adding source folder /CalcTerminal/src
2016-06-19 13:37:14,100 [Worker-2] INFO  o.e.m.j.i.AbstractJavaProjectConfigurator - Not adding source folder /CalcTerminal/src/test/java because it overlaps with /CalcTerminal/src
2016-06-19 13:37:14,347 [Worker-2] INFO  o.e.m.c.i.p.ProjectConfigurationManager - Update started
2016-06-19 13:37:14,768 [Worker-2] INFO  o.e.m.c.i.l.LifecycleMappingFactory - Using org.eclipse.m2e.jdt.JarLifecycleMapping lifecycle mapping for MavenProject: AppBiavan:CalcTerminal:0.0.1-SNAPSHOT @ /home/dyego/git/procTrab/calculadora/CalcTerminal/pom.xml.
2016-06-19 13:37:15,093 [Worker-2] INFO  o.e.m.j.i.AbstractJavaProjectConfigurator - Adding source folder /CalcTerminal/src
2016-06-19 13:37:15,094 [Worker-2] INFO  o.e.m.j.i.AbstractJavaProjectConfigurator - Not adding source folder /CalcTerminal/src/test/java because it overlaps with /CalcTerminal/src
2016-06-19 13:37:15,158 [Worker-2] INFO  o.e.m.c.i.p.ProjectConfigurationManager - Update completed: 0 sec
2016-06-19 13:37:15,330 [Worker-1] WARN  o.e.m.c.i.embedder.EclipseLogger - Using platform encoding (UTF-8 actually) to copy filtered resources, i.e. build is platform dependent!
2016-06-19 13:37:15,338 [Worker-1] INFO  o.e.m.c.i.embedder.EclipseLogger - skip non existing resourceDirectory /home/dyego/git/procTrab/calculadora/CalcTerminal/src/main/resources
2016-06-19 13:37:15,343 [Worker-1] WARN  o.e.m.c.i.embedder.EclipseLogger - Using platform encoding (UTF-8 actually) to copy filtered resources, i.e. build is platform dependent!
2016-06-19 13:37:15,344 [Worker-1] INFO  o.e.m.c.i.embedder.EclipseLogger - skip non existing resourceDirectory /home/dyego/git/procTrab/calculadora/CalcTerminal/src/test/resources
2016-06-19 13:38:12,278 [Worker-1] WARN  o.e.m.c.i.embedder.EclipseLogger - Using platform encoding (UTF-8 actually) to copy filtered resources, i.e. build is platform dependent!
2016-06-19 13:38:12,278 [Worker-1] INFO  o.e.m.c.i.embedder.EclipseLogger - skip non existing resourceDirectory /home/dyego/git/procTrab/calculadora/CalcTerminal/src/main/resources
2016-06-19 13:38:12,282 [Worker-1] WARN  o.e.m.c.i.embedder.EclipseLogger - Using platform encoding (UTF-8 actually) to copy filtered resources, i.e. build is platform dependent!
2016-06-19 13:38:12,282 [Worker-1] INFO  o.e.m.c.i.embedder.EclipseLogger - skip non existing resourceDirectory /home/dyego/git/procTrab/calculadora/CalcTerminal/src/test/resources
2016-06-19 13:39:09,410 [Worker-2] WARN  o.e.m.c.i.embedder.EclipseLogger - Using platform encoding (UTF-8 actually) to copy filtered resources, i.e. build is platform dependent!
2016-06-19 13:39:09,420 [Worker-2] INFO  o.e.m.c.i.embedder.EclipseLogger - skip non existing resourceDirectory /home/dyego/git/procTrab/calculadora/CalcTerminal/src/main/resources
2016-06-19 13:39:09,422 [Worker-2] WARN  o.e.m.c.i.embedder.EclipseLogger - Using platform encoding (UTF-8 actually) to copy filtered resources, i.e. build is platform dependent!
2016-06-19 13:39:09,424 [Worker-2] INFO  o.e.m.c.i.embedder.EclipseLogger - skip non existing resourceDirectory /home/dyego/git/procTrab/calculadora/CalcTerminal/src/test/resources
2016-06-19 13:43:46,947 [Worker-10] WARN  o.e.m.c.i.embedder.EclipseLogger - Using platform encoding (UTF-8 actually) to copy filtered resources, i.e. build is platform dependent!
2016-06-19 13:43:46,948 [Worker-10] INFO  o.e.m.c.i.embedder.EclipseLogger - skip non existing resourceDirectory /home/dyego/git/procTrab/calculadora/CalcTerminal/src/main/resources
2016-06-19 13:43:46,949 [Worker-10] WARN  o.e.m.c.i.embedder.EclipseLogger - Using platform encoding (UTF-8 actually) to copy filtered resources, i.e. build is platform dependent!
2016-06-19 13:43:46,949 [Worker-10] INFO  o.e.m.c.i.embedder.EclipseLogger - skip non existing resourceDirectory /home/dyego/git/procTrab/calculadora/CalcTerminal/src/test/resources
2016-06-19 13:44:34,465 [Worker-1] WARN  o.e.m.c.i.embedder.EclipseLogger - Using platform encoding (UTF-8 actually) to copy filtered resources, i.e. build is platform dependent!
2016-06-19 13:44:34,466 [Worker-1] INFO  o.e.m.c.i.embedder.EclipseLogger - skip non existing resourceDirectory /home/dyego/git/procTrab/calculadora/CalcTerminal/src/main/resources
2016-06-19 13:44:34,469 [Worker-1] WARN  o.e.m.c.i.embedder.EclipseLogger - Using platform encoding (UTF-8 actually) to copy filtered resources, i.e. build is platform dependent!
2016-06-19 13:44:34,476 [Worker-1] INFO  o.e.m.c.i.embedder.EclipseLogger - skip non existing resourceDirectory /home/dyego/git/procTrab/calculadora/CalcTerminal/src/test/resources
2016-06-19 13:45:36,725 [Worker-3] WARN  o.e.m.c.i.embedder.EclipseLogger - Using platform encoding (UTF-8 actually) to copy filtered resources, i.e. build is platform dependent!
2016-06-19 13:45:36,726 [Worker-3] INFO  o.e.m.c.i.embedder.EclipseLogger - skip non existing resourceDirectory /home/dyego/git/procTrab/calculadora/CalcTerminal/src/main/resources
2016-06-19 13:45:36,737 [Worker-3] WARN  o.e.m.c.i.embedder.EclipseLogger - Using platform encoding (UTF-8 actually) to copy filtered resources, i.e. build is platform dependent!
2016-06-19 13:45:36,738 [Worker-3] INFO  o.e.m.c.i.embedder.EclipseLogger - skip non existing resourceDirectory /home/dyego/git/procTrab/calculadora/CalcTerminal/src/test/resources
2016-06-19 13:45:51,573 [Worker-12] WARN  o.e.m.c.i.embedder.EclipseLogger - Using platform encoding (UTF-8 actually) to copy filtered resources, i.e. build is platform dependent!
2016-06-19 13:45:51,573 [Worker-12] INFO  o.e.m.c.i.embedder.EclipseLogger - skip non existing resourceDirectory /home/dyego/git/procTrab/calculadora/CalcTerminal/src/main/resources
2016-06-19 13:45:51,579 [Worker-12] WARN  o.e.m.c.i.embedder.EclipseLogger - Using platform encoding (UTF-8 actually) to copy filtered resources, i.e. build is platform dependent!
2016-06-19 13:45:51,579 [Worker-12] INFO  o.e.m.c.i.embedder.EclipseLogger - skip non existing resourceDirectory /home/dyego/git/procTrab/calculadora/CalcTerminal/src/test/resources
2016-06-19 13:46:36,875 [Worker-14] WARN  o.e.m.c.i.embedder.EclipseLogger - Using platform encoding (UTF-8 actually) to copy filtered resources, i.e. build is platform dependent!
2016-06-19 13:46:36,875 [Worker-14] INFO  o.e.m.c.i.embedder.EclipseLogger - skip non existing resourceDirectory /home/dyego/git/procTrab/calculadora/CalcTerminal/src/main/resources
2016-06-19 13:46:36,885 [Worker-14] WARN  o.e.m.c.i.embedder.EclipseLogger - Using platform encoding (UTF-8 actually) to copy filtered resources, i.e. build is platform dependent!
2016-06-19 13:46:36,885 [Worker-14] INFO  o.e.m.c.i.embedder.EclipseLogger - skip non existing resourceDirectory /home/dyego/git/procTrab/calculadora/CalcTerminal/src/test/resources
2016-06-19 13:47:22,113 [Worker-9] WARN  o.e.m.c.i.embedder.EclipseLogger - Using platform encoding (UTF-8 actually) to copy filtered resources, i.e. build is platform dependent!
2016-06-19 13:47:22,114 [Worker-9] INFO  o.e.m.c.i.embedder.EclipseLogger - skip non existing resourceDirectory /home/dyego/git/procTrab/calculadora/CalcTerminal/src/main/resources
2016-06-19 13:47:22,115 [Worker-9] WARN  o.e.m.c.i.embedder.EclipseLogger - Using platform encoding (UTF-8 actually) to copy filtered resources, i.e. build is platform dependent!
2016-06-19 13:47:22,116 [Worker-9] INFO  o.e.m.c.i.embedder.EclipseLogger - skip non existing resourceDirectory /home/dyego/git/procTrab/calculadora/CalcTerminal/src/test/resources
2016-06-19 13:55:01,536 [Worker-15] WARN  o.e.m.c.i.embedder.EclipseLogger - Using platform encoding (UTF-8 actually) to copy filtered resources, i.e. build is platform dependent!
2016-06-19 13:55:01,537 [Worker-15] INFO  o.e.m.c.i.embedder.EclipseLogger - skip non existing resourceDirectory /home/dyego/git/procTrab/calculadora/CalcTerminal/src/main/resources
2016-06-19 13:55:01,538 [Worker-15] WARN  o.e.m.c.i.embedder.EclipseLogger - Using platform encoding (UTF-8 actually) to copy filtered resources, i.e. build is platform dependent!
2016-06-19 13:55:01,539 [Worker-15] INFO  o.e.m.c.i.embedder.EclipseLogger - skip non existing resourceDirectory /home/dyego/git/procTrab/calculadora/CalcTerminal/src/test/resources
2016-06-19 13:56:21,339 [Worker-10] WARN  o.e.m.c.i.embedder.EclipseLogger - Using platform encoding (UTF-8 actually) to copy filtered resources, i.e. build is platform dependent!
2016-06-19 13:56:21,340 [Worker-10] INFO  o.e.m.c.i.embedder.EclipseLogger - skip non existing resourceDirectory /home/dyego/git/procTrab/calculadora/CalcTerminal/src/main/resources
2016-06-19 13:56:21,360 [Worker-10] WARN  o.e.m.c.i.embedder.EclipseLogger - Using platform encoding (UTF-8 actually) to copy filtered resources, i.e. build is platform dependent!
2016-06-19 13:56:21,360 [Worker-10] INFO  o.e.m.c.i.embedder.EclipseLogger - skip non existing resourceDirectory /home/dyego/git/procTrab/calculadora/CalcTerminal/src/test/resources
2016-06-19 13:57:46,694 [Worker-10] WARN  o.e.m.c.i.embedder.EclipseLogger - Using platform encoding (UTF-8 actually) to copy filtered resources, i.e. build is platform dependent!
2016-06-19 13:57:46,694 [Worker-10] INFO  o.e.m.c.i.embedder.EclipseLogger - skip non existing resourceDirectory /home/dyego/git/procTrab/calculadora/CalcTerminal/src/main/resources
2016-06-19 13:57:46,696 [Worker-10] WARN  o.e.m.c.i.embedder.EclipseLogger - Using platform encoding (UTF-8 actually) to copy filtered resources, i.e. build is platform dependent!
2016-06-19 13:57:46,712 [Worker-10] INFO  o.e.m.c.i.embedder.EclipseLogger - skip non existing resourceDirectory /home/dyego/git/procTrab/calculadora/CalcTerminal/src/test/resources
2016-06-19 13:58:11,679 [Worker-15] WARN  o.e.m.c.i.embedder.EclipseLogger - Using platform encoding (UTF-8 actually) to copy filtered resources, i.e. build is platform dependent!
2016-06-19 13:58:11,679 [Worker-15] INFO  o.e.m.c.i.embedder.EclipseLogger - skip non existing resourceDirectory /home/dyego/git/procTrab/calculadora/CalcTerminal/src/main/resources
2016-06-19 13:58:11,680 [Worker-15] WARN  o.e.m.c.i.embedder.EclipseLogger - Using platform encoding (UTF-8 actually) to copy filtered resources, i.e. build is platform dependent!
2016-06-19 13:58:11,681 [Worker-15] INFO  o.e.m.c.i.embedder.EclipseLogger - skip non existing resourceDirectory /home/dyego/git/procTrab/calculadora/CalcTerminal/src/test/resources
2016-06-19 13:58:19,109 [Worker-2] WARN  o.e.m.c.i.embedder.EclipseLogger - Using platform encoding (UTF-8 actually) to copy filtered resources, i.e. build is platform dependent!
2016-06-19 13:58:19,110 [Worker-2] INFO  o.e.m.c.i.embedder.EclipseLogger - skip non existing resourceDirectory /home/dyego/git/procTrab/calculadora/CalcTerminal/src/main/resources
2016-06-19 13:58:19,115 [Worker-2] WARN  o.e.m.c.i.embedder.EclipseLogger - Using platform encoding (UTF-8 actually) to copy filtered resources, i.e. build is platform dependent!
2016-06-19 13:58:19,121 [Worker-2] INFO  o.e.m.c.i.embedder.EclipseLogger - skip non existing resourceDirectory /home/dyego/git/procTrab/calculadora/CalcTerminal/src/test/resources
2016-06-19 14:08:24,907 [Worker-17] WARN  o.e.m.c.i.embedder.EclipseLogger - Using platform encoding (UTF-8 actually) to copy filtered resources, i.e. build is platform dependent!
2016-06-19 14:08:24,908 [Worker-17] INFO  o.e.m.c.i.embedder.EclipseLogger - skip non existing resourceDirectory /home/dyego/git/procTrab/calculadora/CalcTerminal/src/main/resources
2016-06-19 14:08:24,917 [Worker-17] WARN  o.e.m.c.i.embedder.EclipseLogger - Using platform encoding (UTF-8 actually) to copy filtered resources, i.e. build is platform dependent!
2016-06-19 14:08:24,917 [Worker-17] INFO  o.e.m.c.i.embedder.EclipseLogger - skip non existing resourceDirectory /home/dyego/git/procTrab/calculadora/CalcTerminal/src/test/resources
2016-06-19 14:10:23,381 [Worker-15] WARN  o.e.m.c.i.embedder.EclipseLogger - Using platform encoding (UTF-8 actually) to copy filtered resources, i.e. build is platform dependent!
2016-06-19 14:10:23,381 [Worker-15] INFO  o.e.m.c.i.embedder.EclipseLogger - skip non existing resourceDirectory /home/dyego/git/procTrab/calculadora/CalcTerminal/src/main/resources
2016-06-19 14:10:23,392 [Worker-15] WARN  o.e.m.c.i.embedder.EclipseLogger - Using platform encoding (UTF-8 actually) to copy filtered resources, i.e. build is platform dependent!
2016-06-19 14:10:23,392 [Worker-15] INFO  o.e.m.c.i.embedder.EclipseLogger - skip non existing resourceDirectory /home/dyego/git/procTrab/calculadora/CalcTerminal/src/test/resources
2016-06-19 14:16:38,039 [Worker-15] WARN  o.e.m.c.i.embedder.EclipseLogger - Using platform encoding (UTF-8 actually) to copy filtered resources, i.e. build is platform dependent!
2016-06-19 14:16:38,040 [Worker-15] INFO  o.e.m.c.i.embedder.EclipseLogger - skip non existing resourceDirectory /home/dyego/git/procTrab/calculadora/CalcTerminal/src/main/resources
2016-06-19 14:16:38,049 [Worker-15] WARN  o.e.m.c.i.embedder.EclipseLogger - Using platform encoding (UTF-8 actually) to copy filtered resources, i.e. build is platform dependent!
2016-06-19 14:16:38,050 [Worker-15] INFO  o.e.m.c.i.embedder.EclipseLogger - skip non existing resourceDirectory /home/dyego/git/procTrab/calculadora/CalcTerminal/src/test/resources
2016-06-19 14:17:43,346 [Worker-9] WARN  o.e.m.c.i.embedder.EclipseLogger - Using platform encoding (UTF-8 actually) to copy filtered resources, i.e. build is platform dependent!
2016-06-19 14:17:43,347 [Worker-9] INFO  o.e.m.c.i.embedder.EclipseLogger - skip non existing resourceDirectory /home/dyego/git/procTrab/calculadora/CalcTerminal/src/main/resources
2016-06-19 14:17:43,360 [Worker-9] WARN  o.e.m.c.i.embedder.EclipseLogger - Using platform encoding (UTF-8 actually) to copy filtered resources, i.e. build is platform dependent!
2016-06-19 14:17:43,361 [Worker-9] INFO  o.e.m.c.i.embedder.EclipseLogger - skip non existing resourceDirectory /home/dyego/git/procTrab/calculadora/CalcTerminal/src/test/resources
2016-06-19 14:18:48,174 [Worker-16] WARN  o.e.m.c.i.embedder.EclipseLogger - Using platform encoding (UTF-8 actually) to copy filtered resources, i.e. build is platform dependent!
2016-06-19 14:18:48,175 [Worker-16] INFO  o.e.m.c.i.embedder.EclipseLogger - skip non existing resourceDirectory /home/dyego/git/procTrab/calculadora/CalcTerminal/src/main/resources
2016-06-19 14:18:48,176 [Worker-16] WARN  o.e.m.c.i.embedder.EclipseLogger - Using platform encoding (UTF-8 actually) to copy filtered resources, i.e. build is platform dependent!
2016-06-19 14:18:48,176 [Worker-16] INFO  o.e.m.c.i.embedder.EclipseLogger - skip non existing resourceDirectory /home/dyego/git/procTrab/calculadora/CalcTerminal/src/test/resources
2016-06-19 14:19:34,425 [Worker-17] WARN  o.e.m.c.i.embedder.EclipseLogger - Using platform encoding (UTF-8 actually) to copy filtered resources, i.e. build is platform dependent!
2016-06-19 14:19:34,426 [Worker-17] INFO  o.e.m.c.i.embedder.EclipseLogger - skip non existing resourceDirectory /home/dyego/git/procTrab/calculadora/CalcTerminal/src/main/resources
2016-06-19 14:19:34,437 [Worker-17] WARN  o.e.m.c.i.embedder.EclipseLogger - Using platform encoding (UTF-8 actually) to copy filtered resources, i.e. build is platform dependent!
2016-06-19 14:19:34,438 [Worker-17] INFO  o.e.m.c.i.embedder.EclipseLogger - skip non existing resourceDirectory /home/dyego/git/procTrab/calculadora/CalcTerminal/src/test/resources
2016-06-19 14:22:30,350 [Worker-17] WARN  o.e.m.c.i.embedder.EclipseLogger - Using platform encoding (UTF-8 actually) to copy filtered resources, i.e. build is platform dependent!
2016-06-19 14:22:30,351 [Worker-17] INFO  o.e.m.c.i.embedder.EclipseLogger - skip non existing resourceDirectory /home/dyego/git/procTrab/calculadora/CalcTerminal/src/main/resources
2016-06-19 14:22:30,355 [Worker-17] WARN  o.e.m.c.i.embedder.EclipseLogger - Using platform encoding (UTF-8 actually) to copy filtered resources, i.e. build is platform dependent!
2016-06-19 14:22:30,355 [Worker-17] INFO  o.e.m.c.i.embedder.EclipseLogger - skip non existing resourceDirectory /home/dyego/git/procTrab/calculadora/CalcTerminal/src/test/resources
2016-06-19 14:22:56,674 [Worker-17] WARN  o.e.m.c.i.embedder.EclipseLogger - Using platform encoding (UTF-8 actually) to copy filtered resources, i.e. build is platform dependent!
2016-06-19 14:22:56,674 [Worker-17] INFO  o.e.m.c.i.embedder.EclipseLogger - skip non existing resourceDirectory /home/dyego/git/procTrab/calculadora/CalcTerminal/src/main/resources
2016-06-19 14:22:56,676 [Worker-17] WARN  o.e.m.c.i.embedder.EclipseLogger - Using platform encoding (UTF-8 actually) to copy filtered resources, i.e. build is platform dependent!
2016-06-19 14:22:56,680 [Worker-17] INFO  o.e.m.c.i.embedder.EclipseLogger - skip non existing resourceDirectory /home/dyego/git/procTrab/calculadora/CalcTerminal/src/test/resources
2016-06-19 14:23:56,440 [Worker-15] WARN  o.e.m.c.i.embedder.EclipseLogger - Using platform encoding (UTF-8 actually) to copy filtered resources, i.e. build is platform dependent!
2016-06-19 14:23:56,441 [Worker-15] INFO  o.e.m.c.i.embedder.EclipseLogger - skip non existing resourceDirectory /home/dyego/git/procTrab/calculadora/CalcTerminal/src/main/resources
2016-06-19 14:23:56,443 [Worker-15] WARN  o.e.m.c.i.embedder.EclipseLogger - Using platform encoding (UTF-8 actually) to copy filtered resources, i.e. build is platform dependent!
2016-06-19 14:23:56,443 [Worker-15] INFO  o.e.m.c.i.embedder.EclipseLogger - skip non existing resourceDirectory /home/dyego/git/procTrab/calculadora/CalcTerminal/src/test/resources
2016-06-19 14:25:03,105 [Worker-17] WARN  o.e.m.c.i.embedder.EclipseLogger - Using platform encoding (UTF-8 actually) to copy filtered resources, i.e. build is platform dependent!
2016-06-19 14:25:03,105 [Worker-17] INFO  o.e.m.c.i.embedder.EclipseLogger - skip non existing resourceDirectory /home/dyego/git/procTrab/calculadora/CalcTerminal/src/main/resources
2016-06-19 14:25:03,107 [Worker-17] WARN  o.e.m.c.i.embedder.EclipseLogger - Using platform encoding (UTF-8 actually) to copy filtered resources, i.e. build is platform dependent!
2016-06-19 14:25:03,107 [Worker-17] INFO  o.e.m.c.i.embedder.EclipseLogger - skip non existing resourceDirectory /home/dyego/git/procTrab/calculadora/CalcTerminal/src/test/resources
